Using pre-set license
Built from '2020.3/staging' branch; Version is '2020.3.3f1 (76626098c1c4) revision 7758432'; Using compiler version '192528614'; Build Type 'Release'
OS: 'Windows 10 Pro; OS build 19042.867; Version 2009; 64bit' Language: 'en' Physical Memory: 8113 MB
BatchMode: 1, IsHumanControllingUs: 0, StartBugReporterOnCrash: 0, Is64bit: 1, IsPro: 0

 COMMAND LINE ARGUMENTS:
C:\Program Files\Unity\Hub\Editor\2020.3.3f1\Editor\Unity.exe
-adb2
-batchMode
-noUpm
-name
AssetImportWorker0
-projectPath
C:/Users/jnguy/OneDrive/Documents/GitHub/covid-game/Covid Game
-logFile
Logs/AssetImportWorker0.log
-srvPort
51089
Successfully changed project path to: C:/Users/jnguy/OneDrive/Documents/GitHub/covid-game/Covid Game
C:/Users/jnguy/OneDrive/Documents/GitHub/covid-game/Covid Game
Using Asset Import Pipeline V2.
Refreshing native plugins compatible for Editor in 120.11 ms, found 1 plugins.
Preloading 0 native plugins for Editor in 0.00 ms.
Initialize engine version: 2020.3.3f1 (76626098c1c4)
[Subsystems] Discovering subsystems at path C:/Program Files/Unity/Hub/Editor/2020.3.3f1/Editor/Data/Resources/UnitySubsystems
[Subsystems] Discovering subsystems at path C:/Users/jnguy/OneDrive/Documents/GitHub/covid-game/Covid Game/Assets
GfxDevice: creating device client; threaded=0
Direct3D:
    Version:  Direct3D 11.0 [level 11.1]
    Renderer: Intel(R) HD Graphics 520 (ID=0x1916)
    Vendor:   
    VRAM:     4056 MB
    Driver:   24.20.100.6299
Initialize mono
Mono path[0] = 'C:/Program Files/Unity/Hub/Editor/2020.3.3f1/Editor/Data/Managed'
Mono path[1] = 'C:/Program Files/Unity/Hub/Editor/2020.3.3f1/Editor/Data/MonoBleedingEdge/lib/mono/unityjit'
Mono config path = 'C:/Program Files/Unity/Hub/Editor/2020.3.3f1/Editor/Data/MonoBleedingEdge/etc'
Using monoOptions --debugger-agent=transport=dt_socket,embedding=1,server=y,suspend=n,address=127.0.0.1:56400
Begin MonoManager ReloadAssembly
Registering precompiled unity dll's ...
Register platform support module: C:/Program Files/Unity/Hub/Editor/2020.3.3f1/Editor/Data/PlaybackEngines/WindowsStandaloneSupport/UnityEditor.WindowsStandalone.Extensions.dll
Registered in 0.003007 seconds.
Native extension for WindowsStandalone target not found
Refreshing native plugins compatible for Editor in 109.64 ms, found 1 plugins.
Preloading 0 native plugins for Editor in 0.00 ms.
Invoked RoslynAnalysisRunner static constructor.
RoslynAnalysisRunner will not be running.
RoslynAnalysisRunner has terminated.
Mono: successfully reloaded assembly
- Completed reload, in  3.831 seconds
Platform modules already initialized, skipping
Registering precompiled user dll's ...
Registered in 0.001722 seconds.
Begin MonoManager ReloadAssembly
Native extension for WindowsStandalone target not found
Refreshing native plugins compatible for Editor in 114.84 ms, found 1 plugins.
Preloading 0 native plugins for Editor in 0.00 ms.
Invoked RoslynAnalysisRunner static constructor.
RoslynAnalysisRunner will not be running.
RoslynAnalysisRunner has terminated.
Mono: successfully reloaded assembly
- Completed reload, in  2.987 seconds
Platform modules already initialized, skipping
========================================================================
Worker process is ready to serve import requests
Launched and connected shader compiler UnityShaderCompiler.exe after 0.18 seconds
Refreshing native plugins compatible for Editor in 1.13 ms, found 1 plugins.
Preloading 0 native plugins for Editor in 0.00 ms.
Unloading 1808 Unused Serialized files (Serialized files now loaded: 0)
System memory in use before: 84.9 MB.
System memory in use after: 84.9 MB.

Unloading 24 unused Assets to reduce memory usage. Loaded Objects now: 2250.
Total: 8.114300 ms (FindLiveObjects: 1.204400 ms CreateObjectMapping: 0.758800 ms MarkObjects: 5.118900 ms  DeleteObjects: 1.029200 ms)

========================================================================
Received Import Request.
  path: Assets/Sprites/tempUser.png
  artifactKey: Guid(b30e4560b3c13324faad1089edf5cee1) Importer(815301076,1909f56bfc062723c751e8b465ee728b)
Start importing Assets/Sprites/tempUser.png using Guid(b30e4560b3c13324faad1089edf5cee1) Importer(815301076,1909f56bfc062723c751e8b465ee728b)  -> (artifact id: 'c0028b967ff627853b538ec5fc659d36') in 0.519986 seconds
  Import took 0.538205 seconds .

========================================================================
Received Import Request.
  Time since last request: 40.355224 seconds.
  path: Assets/Sprites/Player.png
  artifactKey: Guid(a3bc7f4b17bdf58488a1bba6ec2f64b0) Importer(815301076,1909f56bfc062723c751e8b465ee728b)
Start importing Assets/Sprites/Player.png using Guid(a3bc7f4b17bdf58488a1bba6ec2f64b0) Importer(815301076,1909f56bfc062723c751e8b465ee728b)  -> (artifact id: '79b2f1f97b57e022fcab945e8f3f85ba') in 0.043823 seconds
  Import took 0.059677 seconds .

========================================================================
Received Import Request.
  Time since last request: 273.139688 seconds.
  path: Assets/Sprites/Player.png
  artifactKey: Guid(a3bc7f4b17bdf58488a1bba6ec2f64b0) Importer(815301076,1909f56bfc062723c751e8b465ee728b)
Start importing Assets/Sprites/Player.png using Guid(a3bc7f4b17bdf58488a1bba6ec2f64b0) Importer(815301076,1909f56bfc062723c751e8b465ee728b)  -> (artifact id: 'e4c2d2c5d632a05f97065ec996fd0168') in 0.121793 seconds
  Import took 0.144417 seconds .

========================================================================
Received Import Request.
  Time since last request: 62.099477 seconds.
  path: Assets/Sprites/Player.png
  artifactKey: Guid(a3bc7f4b17bdf58488a1bba6ec2f64b0) Importer(815301076,1909f56bfc062723c751e8b465ee728b)
Start importing Assets/Sprites/Player.png using Guid(a3bc7f4b17bdf58488a1bba6ec2f64b0) Importer(815301076,1909f56bfc062723c751e8b465ee728b)  -> (artifact id: 'd1dd5f6de7bb23e4aaaaa59f1f74c226') in 0.035838 seconds
  Import took 0.043648 seconds .

========================================================================
Received Prepare
Registering precompiled user dll's ...
Registered in 0.001524 seconds.
Begin MonoManager ReloadAssembly
Native extension for WindowsStandalone target not found
Refreshing native plugins compatible for Editor in 1.14 ms, found 1 plugins.
Preloading 0 native plugins for Editor in 0.00 ms.
Invoked RoslynAnalysisRunner static constructor.
RoslynAnalysisRunner will not be running.
RoslynAnalysisRunner has terminated.
Mono: successfully reloaded assembly
- Completed reload, in  2.636 seconds
Platform modules already initialized, skipping
Refreshing native plugins compatible for Editor in 1.00 ms, found 1 plugins.
Preloading 0 native plugins for Editor in 0.00 ms.
Unloading 1804 Unused Serialized files (Serialized files now loaded: 0)
System memory in use before: 88.0 MB.
System memory in use after: 87.9 MB.

Unloading 12 unused Assets to reduce memory usage. Loaded Objects now: 2261.
Total: 11.810600 ms (FindLiveObjects: 3.744000 ms CreateObjectMapping: 1.563900 ms MarkObjects: 6.247000 ms  DeleteObjects: 0.251900 ms)

========================================================================
Received Import Request.
  Time since last request: 151.559819 seconds.
  path: Assets/PlayerMovement.cs
  artifactKey: Guid(1c158db87a23f864d84f7210988479ed) Importer(815301076,1909f56bfc062723c751e8b465ee728b)
Start importing Assets/PlayerMovement.cs using Guid(1c158db87a23f864d84f7210988479ed) Importer(815301076,1909f56bfc062723c751e8b465ee728b)  -> (artifact id: 'd84f290ba9505a316962345fe92a8ddd') in 0.202822 seconds
  Import took 0.210676 seconds .

========================================================================
Received Import Request.
  Time since last request: 127.264712 seconds.
  path: Assets/PlayerMovement.cs
  artifactKey: Guid(1c158db87a23f864d84f7210988479ed) Importer(815301076,1909f56bfc062723c751e8b465ee728b)
Start importing Assets/PlayerMovement.cs using Guid(1c158db87a23f864d84f7210988479ed) Importer(815301076,1909f56bfc062723c751e8b465ee728b)  -> (artifact id: 'f3d1de6df774df7ba67b37831863e983') in 0.015673 seconds
  Import took 0.027669 seconds .

========================================================================
Received Prepare
Registering precompiled user dll's ...
Registered in 0.002100 seconds.
Begin MonoManager ReloadAssembly
Native extension for WindowsStandalone target not found
Refreshing native plugins compatible for Editor in 0.69 ms, found 1 plugins.
Preloading 0 native plugins for Editor in 0.00 ms.
Invoked RoslynAnalysisRunner static constructor.
RoslynAnalysisRunner will not be running.
RoslynAnalysisRunner has terminated.
Mono: successfully reloaded assembly
- Completed reload, in  2.243 seconds
Platform modules already initialized, skipping
Refreshing native plugins compatible for Editor in 0.46 ms, found 1 plugins.
Preloading 0 native plugins for Editor in 0.00 ms.
Unloading 1804 Unused Serialized files (Serialized files now loaded: 0)
System memory in use before: 88.0 MB.
System memory in use after: 88.0 MB.

Unloading 12 unused Assets to reduce memory usage. Loaded Objects now: 2265.
Total: 5.795400 ms (FindLiveObjects: 0.533200 ms CreateObjectMapping: 0.247200 ms MarkObjects: 4.696400 ms  DeleteObjects: 0.314600 ms)

========================================================================
Received Prepare
Registering precompiled user dll's ...
Registered in 0.001822 seconds.
Begin MonoManager ReloadAssembly
Native extension for WindowsStandalone target not found
Refreshing native plugins compatible for Editor in 0.49 ms, found 1 plugins.
Preloading 0 native plugins for Editor in 0.00 ms.
Invoked RoslynAnalysisRunner static constructor.
RoslynAnalysisRunner will not be running.
RoslynAnalysisRunner has terminated.
Mono: successfully reloaded assembly
- Completed reload, in  2.171 seconds
Platform modules already initialized, skipping
Refreshing native plugins compatible for Editor in 0.97 ms, found 1 plugins.
Preloading 0 native plugins for Editor in 0.00 ms.
Unloading 1804 Unused Serialized files (Serialized files now loaded: 0)
System memory in use before: 88.0 MB.
System memory in use after: 88.0 MB.

Unloading 12 unused Assets to reduce memory usage. Loaded Objects now: 2269.
Total: 8.368200 ms (FindLiveObjects: 0.620100 ms CreateObjectMapping: 0.295500 ms MarkObjects: 7.021900 ms  DeleteObjects: 0.423800 ms)

========================================================================
Received Prepare
Registering precompiled user dll's ...
Registered in 0.006769 seconds.
Begin MonoManager ReloadAssembly
Native extension for WindowsStandalone target not found
Refreshing native plugins compatible for Editor in 1.02 ms, found 1 plugins.
Preloading 0 native plugins for Editor in 0.00 ms.
Invoked RoslynAnalysisRunner static constructor.
RoslynAnalysisRunner will not be running.
RoslynAnalysisRunner has terminated.
Mono: successfully reloaded assembly
- Completed reload, in  2.868 seconds
Platform modules already initialized, skipping
Refreshing native plugins compatible for Editor in 0.50 ms, found 1 plugins.
Preloading 0 native plugins for Editor in 0.00 ms.
Unloading 1804 Unused Serialized files (Serialized files now loaded: 0)
System memory in use before: 88.0 MB.
System memory in use after: 88.0 MB.

Unloading 12 unused Assets to reduce memory usage. Loaded Objects now: 2273.
Total: 3.027500 ms (FindLiveObjects: 0.236400 ms CreateObjectMapping: 0.104800 ms MarkObjects: 2.477900 ms  DeleteObjects: 0.206000 ms)

========================================================================
Received Prepare
Registering precompiled user dll's ...
Registered in 0.001570 seconds.
Begin MonoManager ReloadAssembly
Native extension for WindowsStandalone target not found
Refreshing native plugins compatible for Editor in 0.70 ms, found 1 plugins.
Preloading 0 native plugins for Editor in 0.00 ms.
Invoked RoslynAnalysisRunner static constructor.
RoslynAnalysisRunner will not be running.
RoslynAnalysisRunner has terminated.
Mono: successfully reloaded assembly
- Completed reload, in  2.978 seconds
Platform modules already initialized, skipping
Refreshing native plugins compatible for Editor in 1.07 ms, found 1 plugins.
Preloading 0 native plugins for Editor in 0.00 ms.
Unloading 1804 Unused Serialized files (Serialized files now loaded: 0)
System memory in use before: 88.0 MB.
System memory in use after: 88.0 MB.

Unloading 12 unused Assets to reduce memory usage. Loaded Objects now: 2277.
Total: 5.708300 ms (FindLiveObjects: 0.504000 ms CreateObjectMapping: 0.210000 ms MarkObjects: 4.729900 ms  DeleteObjects: 0.261500 ms)

========================================================================
Received Prepare
Registering precompiled user dll's ...
Registered in 0.008959 seconds.
Begin MonoManager ReloadAssembly
Native extension for WindowsStandalone target not found
Refreshing native plugins compatible for Editor in 1.02 ms, found 1 plugins.
Preloading 0 native plugins for Editor in 0.00 ms.
Invoked RoslynAnalysisRunner static constructor.
RoslynAnalysisRunner will not be running.
RoslynAnalysisRunner has terminated.
Mono: successfully reloaded assembly
- Completed reload, in  3.556 seconds
Platform modules already initialized, skipping
Refreshing native plugins compatible for Editor in 0.67 ms, found 1 plugins.
Preloading 0 native plugins for Editor in 0.00 ms.
Unloading 1804 Unused Serialized files (Serialized files now loaded: 0)
System memory in use before: 88.0 MB.
System memory in use after: 88.0 MB.

Unloading 12 unused Assets to reduce memory usage. Loaded Objects now: 2281.
Total: 6.224400 ms (FindLiveObjects: 0.554100 ms CreateObjectMapping: 0.245200 ms MarkObjects: 5.144300 ms  DeleteObjects: 0.277100 ms)

========================================================================
Received Prepare
Registering precompiled user dll's ...
Registered in 0.002266 seconds.
Begin MonoManager ReloadAssembly
Native extension for WindowsStandalone target not found
Refreshing native plugins compatible for Editor in 0.65 ms, found 1 plugins.
Preloading 0 native plugins for Editor in 0.00 ms.
Invoked RoslynAnalysisRunner static constructor.
RoslynAnalysisRunner will not be running.
RoslynAnalysisRunner has terminated.
Mono: successfully reloaded assembly
- Completed reload, in  4.742 seconds
Platform modules already initialized, skipping
Refreshing native plugins compatible for Editor in 0.58 ms, found 1 plugins.
Preloading 0 native plugins for Editor in 0.00 ms.
Unloading 1804 Unused Serialized files (Serialized files now loaded: 0)
System memory in use before: 88.0 MB.
System memory in use after: 88.0 MB.

Unloading 12 unused Assets to reduce memory usage. Loaded Objects now: 2285.
Total: 11.254300 ms (FindLiveObjects: 0.962300 ms CreateObjectMapping: 0.487400 ms MarkObjects: 9.385300 ms  DeleteObjects: 0.409500 ms)

========================================================================
Received Prepare
Registering precompiled user dll's ...
Registered in 0.001606 seconds.
Begin MonoManager ReloadAssembly
Native extension for WindowsStandalone target not found
Refreshing native plugins compatible for Editor in 3.78 ms, found 1 plugins.
Preloading 0 native plugins for Editor in 0.00 ms.
Invoked RoslynAnalysisRunner static constructor.
RoslynAnalysisRunner will not be running.
RoslynAnalysisRunner has terminated.
Mono: successfully reloaded assembly
- Completed reload, in  8.263 seconds
Platform modules already initialized, skipping
Refreshing native plugins compatible for Editor in 7.33 ms, found 1 plugins.
Preloading 0 native plugins for Editor in 0.00 ms.
Unloading 1804 Unused Serialized files (Serialized files now loaded: 0)
System memory in use before: 88.1 MB.
System memory in use after: 88.0 MB.

Unloading 12 unused Assets to reduce memory usage. Loaded Objects now: 2289.
Total: 17.252000 ms (FindLiveObjects: 2.161600 ms CreateObjectMapping: 1.810800 ms MarkObjects: 10.220900 ms  DeleteObjects: 2.919300 ms)

========================================================================
Received Prepare
Registering precompiled user dll's ...
Registered in 0.001658 seconds.
Begin MonoManager ReloadAssembly
Native extension for WindowsStandalone target not found
Refreshing native plugins compatible for Editor in 1.33 ms, found 1 plugins.
Preloading 0 native plugins for Editor in 0.00 ms.
Invoked RoslynAnalysisRunner static constructor.
RoslynAnalysisRunner will not be running.
RoslynAnalysisRunner has terminated.
Mono: successfully reloaded assembly
- Completed reload, in  6.216 seconds
Platform modules already initialized, skipping
Refreshing native plugins compatible for Editor in 2.65 ms, found 1 plugins.
Preloading 0 native plugins for Editor in 0.00 ms.
Unloading 1804 Unused Serialized files (Serialized files now loaded: 0)
System memory in use before: 88.1 MB.
System memory in use after: 88.0 MB.

Unloading 12 unused Assets to reduce memory usage. Loaded Objects now: 2293.
Total: 3.373400 ms (FindLiveObjects: 0.334000 ms CreateObjectMapping: 0.171500 ms MarkObjects: 2.674800 ms  DeleteObjects: 0.190400 ms)

AssetImportWorkerClient::OnTransportError - code=2 error=End of file
