Using pre-set license
Built from '2020.3/staging' branch; Version is '2020.3.3f1 (76626098c1c4) revision 7758432'; Using compiler version '192528614'; Build Type 'Release'
OS: 'Windows 10 Pro; OS build 19042.867; Version 2009; 64bit' Language: 'en' Physical Memory: 8113 MB
BatchMode: 1, IsHumanControllingUs: 0, StartBugReporterOnCrash: 0, Is64bit: 1, IsPro: 0

 COMMAND LINE ARGUMENTS:
C:\Program Files\Unity\Hub\Editor\2020.3.3f1\Editor\Unity.exe
-adb2
-batchMode
-noUpm
-name
AssetImportWorker0
-projectPath
C:/Users/jnguy/OneDrive/Documents/GitHub/covid-game-repo/covid-game
-logFile
Logs/AssetImportWorker0.log
-srvPort
53457
Successfully changed project path to: C:/Users/jnguy/OneDrive/Documents/GitHub/covid-game-repo/covid-game
C:/Users/jnguy/OneDrive/Documents/GitHub/covid-game-repo/covid-game
Using Asset Import Pipeline V2.
Refreshing native plugins compatible for Editor in 100.43 ms, found 1 plugins.
Preloading 0 native plugins for Editor in 0.00 ms.
Initialize engine version: 2020.3.3f1 (76626098c1c4)
[Subsystems] Discovering subsystems at path C:/Program Files/Unity/Hub/Editor/2020.3.3f1/Editor/Data/Resources/UnitySubsystems
[Subsystems] Discovering subsystems at path C:/Users/jnguy/OneDrive/Documents/GitHub/covid-game-repo/covid-game/Assets
GfxDevice: creating device client; threaded=0
Direct3D:
    Version:  Direct3D 11.0 [level 11.1]
    Renderer: Intel(R) HD Graphics 520 (ID=0x1916)
    Vendor:   
    VRAM:     4056 MB
    Driver:   24.20.100.6299
Initialize mono
Mono path[0] = 'C:/Program Files/Unity/Hub/Editor/2020.3.3f1/Editor/Data/Managed'
Mono path[1] = 'C:/Program Files/Unity/Hub/Editor/2020.3.3f1/Editor/Data/MonoBleedingEdge/lib/mono/unityjit'
Mono config path = 'C:/Program Files/Unity/Hub/Editor/2020.3.3f1/Editor/Data/MonoBleedingEdge/etc'
Using monoOptions --debugger-agent=transport=dt_socket,embedding=1,server=y,suspend=n,address=127.0.0.1:56884
Begin MonoManager ReloadAssembly
Registering precompiled unity dll's ...
Register platform support module: C:/Program Files/Unity/Hub/Editor/2020.3.3f1/Editor/Data/PlaybackEngines/WindowsStandaloneSupport/UnityEditor.WindowsStandalone.Extensions.dll
Registered in 0.005829 seconds.
Native extension for WindowsStandalone target not found
Refreshing native plugins compatible for Editor in 89.25 ms, found 1 plugins.
Preloading 0 native plugins for Editor in 0.00 ms.
Invoked RoslynAnalysisRunner static constructor.
RoslynAnalysisRunner will not be running.
RoslynAnalysisRunner has terminated.
Mono: successfully reloaded assembly
- Completed reload, in  2.486 seconds
Platform modules already initialized, skipping
Registering precompiled user dll's ...
Registered in 0.003224 seconds.
Begin MonoManager ReloadAssembly
Native extension for WindowsStandalone target not found
Refreshing native plugins compatible for Editor in 78.44 ms, found 1 plugins.
Preloading 0 native plugins for Editor in 0.00 ms.
Invoked RoslynAnalysisRunner static constructor.
RoslynAnalysisRunner will not be running.
RoslynAnalysisRunner has terminated.
Mono: successfully reloaded assembly
- Completed reload, in  2.338 seconds
Platform modules already initialized, skipping
========================================================================
Worker process is ready to serve import requests
Launched and connected shader compiler UnityShaderCompiler.exe after 0.11 seconds
Refreshing native plugins compatible for Editor in 0.47 ms, found 1 plugins.
Preloading 0 native plugins for Editor in 0.00 ms.
Unloading 1813 Unused Serialized files (Serialized files now loaded: 0)
System memory in use before: 85.1 MB.
System memory in use after: 85.0 MB.

Unloading 24 unused Assets to reduce memory usage. Loaded Objects now: 2256.
Total: 4.311600 ms (FindLiveObjects: 0.320300 ms CreateObjectMapping: 0.130400 ms MarkObjects: 3.557800 ms  DeleteObjects: 0.300200 ms)

========================================================================
Received Import Request.
  path: Assets/Prefabs/Player.prefab
  artifactKey: Guid(7eff9870e1eaa4f42aec734c80f9d9b9) Importer(815301076,1909f56bfc062723c751e8b465ee728b)
Start importing Assets/Prefabs/Player.prefab using Guid(7eff9870e1eaa4f42aec734c80f9d9b9) Importer(815301076,1909f56bfc062723c751e8b465ee728b)  -> (artifact id: 'db880b2ca957c945ad31f0dc3ce5f177') in 0.209328 seconds
  Import took 0.215629 seconds .

========================================================================
Received Import Request.
  Time since last request: 0.137092 seconds.
  path: Assets/Prefabs/Player.prefab
  artifactKey: Guid(7eff9870e1eaa4f42aec734c80f9d9b9) Importer(815301076,1909f56bfc062723c751e8b465ee728b)
Start importing Assets/Prefabs/Player.prefab using Guid(7eff9870e1eaa4f42aec734c80f9d9b9) Importer(815301076,1909f56bfc062723c751e8b465ee728b)  -> (artifact id: 'db880b2ca957c945ad31f0dc3ce5f177') in 0.037252 seconds
  Import took 0.050028 seconds .

========================================================================
Received Prepare
Registering precompiled user dll's ...
Registered in 0.002799 seconds.
Begin MonoManager ReloadAssembly
Native extension for WindowsStandalone target not found
Refreshing native plugins compatible for Editor in 0.50 ms, found 1 plugins.
Preloading 0 native plugins for Editor in 0.00 ms.
Invoked RoslynAnalysisRunner static constructor.
RoslynAnalysisRunner will not be running.
RoslynAnalysisRunner has terminated.
Mono: successfully reloaded assembly
- Completed reload, in  2.363 seconds
Platform modules already initialized, skipping
Refreshing native plugins compatible for Editor in 1.12 ms, found 1 plugins.
Preloading 0 native plugins for Editor in 0.00 ms.
Unloading 1808 Unused Serialized files (Serialized files now loaded: 0)
System memory in use before: 88.1 MB.
System memory in use after: 88.1 MB.

Unloading 12 unused Assets to reduce memory usage. Loaded Objects now: 2267.
Total: 4.433100 ms (FindLiveObjects: 0.258200 ms CreateObjectMapping: 0.126500 ms MarkObjects: 3.798800 ms  DeleteObjects: 0.246800 ms)

========================================================================
Received Import Request.
  Time since last request: 43.374212 seconds.
  path: Assets/Prefabs/Enemy.prefab
  artifactKey: Guid(b3df3fd8c60947346991992f359a09e4) Importer(815301076,1909f56bfc062723c751e8b465ee728b)
Start importing Assets/Prefabs/Enemy.prefab using Guid(b3df3fd8c60947346991992f359a09e4) Importer(815301076,1909f56bfc062723c751e8b465ee728b)  -> (artifact id: '8b93e609ae72d0d136185104e3960fd1') in 0.135541 seconds
  Import took 0.144399 seconds .

========================================================================
Received Import Request.
  Time since last request: 25.430710 seconds.
  path: Assets/Prefabs/Player.prefab
  artifactKey: Guid(7eff9870e1eaa4f42aec734c80f9d9b9) Importer(815301076,1909f56bfc062723c751e8b465ee728b)
Start importing Assets/Prefabs/Player.prefab using Guid(7eff9870e1eaa4f42aec734c80f9d9b9) Importer(815301076,1909f56bfc062723c751e8b465ee728b)  -> (artifact id: '1f5e94dd394e678ce83aa97ad6fed397') in 0.027785 seconds
  Import took 0.037335 seconds .

========================================================================
Received Import Request.
  Time since last request: 13.156963 seconds.
  path: Assets/Prefabs/Enemy.prefab
  artifactKey: Guid(b3df3fd8c60947346991992f359a09e4) Importer(815301076,1909f56bfc062723c751e8b465ee728b)
Start importing Assets/Prefabs/Enemy.prefab using Guid(b3df3fd8c60947346991992f359a09e4) Importer(815301076,1909f56bfc062723c751e8b465ee728b)  -> (artifact id: 'cf81af129e1b275e5cff62899b6e8023') in 0.043880 seconds
  Import took 0.060956 seconds .

========================================================================
Received Import Request.
  Time since last request: 2.368729 seconds.
  path: Assets/Prefabs/Enemy.prefab
  artifactKey: Guid(b3df3fd8c60947346991992f359a09e4) Importer(815301076,1909f56bfc062723c751e8b465ee728b)
Start importing Assets/Prefabs/Enemy.prefab using Guid(b3df3fd8c60947346991992f359a09e4) Importer(815301076,1909f56bfc062723c751e8b465ee728b)  -> (artifact id: '50a9f7eba38f7feb6bba3752e3790d6c') in 0.052704 seconds
  Import took 0.069035 seconds .

AssetImportWorkerClient::OnTransportError - code=2 error=End of file
